{
  "uid" : "c283719168b95441",
  "name" : "test_case_01",
  "title" : "Test case 01",
  "time" : {
    "start" : 1563538058619,
    "stop" : 1563538058621,
    "duration" : 2
  },
  "summary" : {
    "attachments" : 0,
    "steps" : 0
  },
  "failure" : {
    "message" : "AssertionError: assert (1 + 1) == 3",
    "stackTrace" : "@allure.feature('test_module_01')\n    @allure.severity('critical')\n    #test_case_01 用例tittle\n    def test_case_01():\n        '''\n        用例描述：这是用例描述，出现在什么位置\n        '''\n>       assert 1 + 1 == 3\nE       assert (1 + 1) == 3\n\ntest_post.py:18: AssertionError"
  },
  "description" : {
    "value" : "\n    用例描述：这是用例描述，出现在什么位置\n    ",
    "type" : "TEXT"
  },
  "severity" : "CRITICAL",
  "status" : "FAILED",
  "suite" : {
    "uid" : "c1ceca02ed436349",
    "name" : "pytest_allure.test_post",
    "title" : "Test post"
  },
  "steps" : [ ],
  "attachments" : [ ],
  "issues" : [ ],
  "testIds" : [ ],
  "labels" : [ {
    "name" : "thread",
    "value" : "28116-MainThread"
  }, {
    "name" : "host",
    "value" : "DS-WS-170432"
  }, {
    "name" : "severity",
    "value" : "critical"
  }, {
    "name" : "suite-name",
    "value" : "pytest_allure.test_post"
  }, {
    "name" : "feature",
    "value" : "test_module_01"
  }, {
    "name" : "framework",
    "value" : "pytest"
  }, {
    "name" : "suite-title",
    "value" : null
  }, {
    "name" : "language",
    "value" : "cpython3"
  } ],
  "parameters" : [ ]
}